#
# There is insufficient memory for the Java Runtime Environment to continue.
# Native memory allocation (malloc) failed to allocate 112496 bytes for Chunk::new
# Possible reasons:
#   The system is out of physical RAM or swap space
#   The process is running with CompressedOops enabled, and the Java Heap may be blocking the growth of the native heap
# Possible solutions:
#   Reduce memory load on the system
#   Increase physical memory or swap space
#   Check if swap backing store is full
#   Decrease Java heap size (-Xmx/-Xms)
#   Decrease number of Java threads
#   Decrease Java thread stack sizes (-Xss)
#   Set larger code cache with -XX:ReservedCodeCacheSize=
#   JVM is running with Unscaled Compressed Oops mode in which the Java heap is
#     placed in the first 4GB address space. The Java Heap base address is the
#     maximum limit for the native heap growth. Please use -XX:HeapBaseMinAddress
#     to set the Java Heap base and to place the Java Heap above 4GB virtual address.
# This output file may be truncated or incomplete.
#
#  Out of Memory Error (arena.cpp:184), pid=75616, tid=93580
#
# JRE version: Java(TM) SE Runtime Environment (19.0.1+10) (build 19.0.1+10-21)
# Java VM: Java HotSpot(TM) 64-Bit Server VM (19.0.1+10-21, mixed mode, sharing, tiered, compressed oops, compressed class ptrs, g1 gc, windows-amd64)
# No core dump will be written. Minidumps are not enabled by default on client versions of Windows
#

---------------  S U M M A R Y ------------

Command Line: -ea -Dfile.encoding=UTF-8 -XX:+ShowCodeDetailsInExceptionMessages org.testng.remote.RemoteTestNG -serport 55013 -protocol json -d C:\PearlSoft Projects\smartcontactwebapp\SmartContactWebApp\test-output C:\PearlSoft Projects\smartcontactwebapp\SmartContactWebApp\testng_Login.xml

Host: AMD Ryzen 3 3250U with Radeon Graphics         , 4 cores, 5G,  Windows 11 , 64 bit Build 22000 (10.0.22000.1219)
Time: Fri Dec  2 18:00:24 2022 India Standard Time elapsed time: 2.441188 seconds (0d 0h 0m 2s)

---------------  T H R E A D  ---------------

Current thread (0x000001393e98ad90):  JavaThread "C2 CompilerThread0" daemon [_thread_in_native, id=93580, stack(0x0000001531000000,0x0000001531100000)]


Current CompileTask:
C2:   2441  938 %     4       sun.security.provider.SHA::implCompress0 @ 27 (506 bytes)

Stack: [0x0000001531000000,0x0000001531100000]
Native frames: (J=compiled Java code, j=interpreted, Vv=VM code, C=native code)
V  [jvm.dll+0x6ee8fa]
V  [jvm.dll+0x857a1e]
V  [jvm.dll+0x85940e]
V  [jvm.dll+0x859ac3]
V  [jvm.dll+0x28291f]
V  [jvm.dll+0xc9b5f]
V  [jvm.dll+0xc9ee5]
V  [jvm.dll+0x2f7c6f]
V  [jvm.dll+0x5f0c5b]
V  [jvm.dll+0x254d73]
V  [jvm.dll+0x24dd16]
V  [jvm.dll+0x24b563]
V  [jvm.dll+0x1d6d61]
V  [jvm.dll+0x25b0fa]
V  [jvm.dll+0x259588]
V  [jvm.dll+0x807928]
V  [jvm.dll+0x8015fa]
V  [jvm.dll+0x6ed5eb]
C  [ucrtbase.dll+0x26c0c]
C  [KERNEL32.DLL+0x15550]
C  [ntdll.dll+0x485b]


---------------  P R O C E S S  ---------------

Threads class SMR info:
_java_thread_list=0x000001394327f550, length=13, elements={
0x0000013921cdc9d0, 0x000001393e959f60, 0x000001393e95ac30, 0x000001393e95fa80,
0x000001393e9603b0, 0x000001393e962290, 0x000001393e96a120, 0x000001393e98ad90,
0x0000013942c10060, 0x0000013942c105e0, 0x0000013942cc8f80, 0x0000013942cdb350,
0x00000139434dc780
}

Java Threads: ( => current thread )
  0x0000013921cdc9d0 JavaThread "main" [_thread_in_vm, id=91924, stack(0x0000001530300000,0x0000001530400000)]
  0x000001393e959f60 JavaThread "Reference Handler" daemon [_thread_blocked, id=92832, stack(0x0000001530a00000,0x0000001530b00000)]
  0x000001393e95ac30 JavaThread "Finalizer" daemon [_thread_blocked, id=90192, stack(0x0000001530b00000,0x0000001530c00000)]
  0x000001393e95fa80 JavaThread "Signal Dispatcher" daemon [_thread_blocked, id=93312, stack(0x0000001530c00000,0x0000001530d00000)]
  0x000001393e9603b0 JavaThread "Attach Listener" daemon [_thread_blocked, id=95164, stack(0x0000001530d00000,0x0000001530e00000)]
  0x000001393e962290 JavaThread "Service Thread" daemon [_thread_blocked, id=88016, stack(0x0000001530e00000,0x0000001530f00000)]
  0x000001393e96a120 JavaThread "Monitor Deflation Thread" daemon [_thread_blocked, id=89828, stack(0x0000001530f00000,0x0000001531000000)]
=>0x000001393e98ad90 JavaThread "C2 CompilerThread0" daemon [_thread_in_native, id=93580, stack(0x0000001531000000,0x0000001531100000)]
  0x0000013942c10060 JavaThread "C1 CompilerThread0" daemon [_thread_in_native, id=64224, stack(0x0000001531100000,0x0000001531200000)]
  0x0000013942c105e0 JavaThread "Sweeper thread" daemon [_thread_blocked, id=89812, stack(0x0000001531200000,0x0000001531300000)]
  0x0000013942cc8f80 JavaThread "Notification Thread" daemon [_thread_blocked, id=43568, stack(0x0000001531300000,0x0000001531400000)]
  0x0000013942cdb350 JavaThread "Common-Cleaner" daemon [_thread_blocked, id=92636, stack(0x0000001531500000,0x0000001531600000)]
  0x00000139434dc780 JavaThread "ReaderThread" [_thread_in_native, id=86572, stack(0x0000001531b00000,0x0000001531c00000)]

Other Threads:
  0x000001393e942c50 VMThread "VM Thread" [stack: 0x0000001530900000,0x0000001530a00000] [id=91416]
  0x0000013942ccd4d0 WatcherThread "VM Periodic Task Thread" [stack: 0x0000001531400000,0x0000001531500000] [id=10544]
  0x0000013921d2dbd0 WorkerThread "GC Thread#0" [stack: 0x0000001530400000,0x0000001530500000] [id=18540]
  0x0000013943011350 WorkerThread "GC Thread#1" [stack: 0x0000001531700000,0x0000001531800000] [id=87148]
  0x00000139437d9a50 WorkerThread "GC Thread#2" [stack: 0x0000001531800000,0x0000001531900000] [id=93552]
  0x0000013943586d30 WorkerThread "GC Thread#3" [stack: 0x0000001531900000,0x0000001531a00000] [id=85340]
  0x0000013921d3a930 ConcurrentGCThread "G1 Main Marker" [stack: 0x0000001530500000,0x0000001530600000] [id=41136]
  0x0000013921d3c100 WorkerThread "G1 Conc#0" [stack: 0x0000001530600000,0x0000001530700000] [id=89816]
  0x0000013921d959b0 ConcurrentGCThread "G1 Refine#0" [stack: 0x0000001530700000,0x0000001530800000] [id=90276]
  0x000001393e801630 ConcurrentGCThread "G1 Service" [stack: 0x0000001530800000,0x0000001530900000] [id=92528]

Threads with active compile tasks:
C2 CompilerThread0     2480  938 %     4       sun.security.provider.SHA::implCompress0 @ 27 (506 bytes)

VM state: not at safepoint (normal execution)

VM Mutex/Monitor currently owned by a thread: None

Heap address: 0x00000000a1000000, size: 1520 MB, Compressed Oops mode: 32-bit

CDS archive(s) mapped at: [0x0000000800000000-0x0000000800c40000-0x0000000800c40000), size 12845056, SharedBaseAddress: 0x0000000800000000, ArchiveRelocationMode: 0.
Compressed class space mapped at: 0x0000000801000000-0x0000000841000000, reserved size: 1073741824
Narrow klass base: 0x0000000800000000, Narrow klass shift: 0, Narrow klass range: 0x100000000

GC Precious Log:
 CardTable entry size: 512
 Card Set container configuration: InlinePtr #cards 5 size 8 Array Of Cards #cards 12 size 40 Howl #buckets 4 coarsen threshold 1843 Howl Bitmap #cards 512 size 80 coarsen threshold 460 Card regions per heap region 1 cards per card region 2048
 CPUs: 4 total, 4 available
 Memory: 6078M
 Large Page Support: Disabled
 NUMA Support: Disabled
 Compressed Oops: Enabled (32-bit)
 Heap Region Size: 1M
 Heap Min Capacity: 8M
 Heap Initial Capacity: 96M
 Heap Max Capacity: 1520M
 Pre-touch: Disabled
 Parallel Workers: 4
 Concurrent Workers: 1
 Concurrent Refinement Workers: 4
 Periodic GC: Disabled

Heap:
 garbage-first heap   total 98304K, used 9871K [0x00000000a1000000, 0x0000000100000000)
  region size 1024K, 6 young (6144K), 2 survivors (2048K)
 Metaspace       used 4787K, committed 4928K, reserved 1114112K
  class space    used 485K, committed 512K, reserved 1048576K

Heap Regions: E=young(eden), S=young(survivor), O=old, HS=humongous(starts), HC=humongous(continues), CS=collection set, F=free, OA=open archive, CA=closed archive, TAMS=top-at-mark-start (previous, next)
|   0|0x00000000a1000000, 0x00000000a1100000, 0x00000000a1100000|100%| O|  |TAMS 0x00000000a1000000, 0x00000000a1000000| Untracked 
|   1|0x00000000a1100000, 0x00000000a1200000, 0x00000000a1200000|100%| O|  |TAMS 0x00000000a1100000, 0x00000000a1100000| Untracked 
|   2|0x00000000a1200000, 0x00000000a1300000, 0x00000000a1300000|100%| O|  |TAMS 0x00000000a1200000, 0x00000000a1200000| Untracked 
|   3|0x00000000a1300000, 0x00000000a1400000, 0x00000000a1400000|100%| O|  |TAMS 0x00000000a1300000, 0x00000000a1300000| Untracked 
|   4|0x00000000a1400000, 0x00000000a14a3e00, 0x00000000a1500000| 64%| O|  |TAMS 0x00000000a1400000, 0x00000000a1400000| Untracked 
|   5|0x00000000a1500000, 0x00000000a1500000, 0x00000000a1600000|  0%| F|  |TAMS 0x00000000a1500000, 0x00000000a1500000| Untracked 
|   6|0x00000000a1600000, 0x00000000a1600000, 0x00000000a1700000|  0%| F|  |TAMS 0x00000000a1600000, 0x00000000a1600000| Untracked 
|   7|0x00000000a1700000, 0x00000000a1700000, 0x00000000a1800000|  0%| F|  |TAMS 0x00000000a1700000, 0x00000000a1700000| Untracked 
|   8|0x00000000a1800000, 0x00000000a1800000, 0x00000000a1900000|  0%| F|  |TAMS 0x00000000a1800000, 0x00000000a1800000| Untracked 
|   9|0x00000000a1900000, 0x00000000a1900000, 0x00000000a1a00000|  0%| F|  |TAMS 0x00000000a1900000, 0x00000000a1900000| Untracked 
|  10|0x00000000a1a00000, 0x00000000a1a00000, 0x00000000a1b00000|  0%| F|  |TAMS 0x00000000a1a00000, 0x00000000a1a00000| Untracked 
|  11|0x00000000a1b00000, 0x00000000a1b00000, 0x00000000a1c00000|  0%| F|  |TAMS 0x00000000a1b00000, 0x00000000a1b00000| Untracked 
|  12|0x00000000a1c00000, 0x00000000a1c00000, 0x00000000a1d00000|  0%| F|  |TAMS 0x00000000a1c00000, 0x00000000a1c00000| Untracked 
|  13|0x00000000a1d00000, 0x00000000a1d00000, 0x00000000a1e00000|  0%| F|  |TAMS 0x00000000a1d00000, 0x00000000a1d00000| Untracked 
|  14|0x00000000a1e00000, 0x00000000a1e00000, 0x00000000a1f00000|  0%| F|  |TAMS 0x00000000a1e00000, 0x00000000a1e00000| Untracked 
|  15|0x00000000a1f00000, 0x00000000a1f00000, 0x00000000a2000000|  0%| F|  |TAMS 0x00000000a1f00000, 0x00000000a1f00000| Untracked 
|  16|0x00000000a2000000, 0x00000000a2000000, 0x00000000a2100000|  0%| F|  |TAMS 0x00000000a2000000, 0x00000000a2000000| Untracked 
|  17|0x00000000a2100000, 0x00000000a2100000, 0x00000000a2200000|  0%| F|  |TAMS 0x00000000a2100000, 0x00000000a2100000| Untracked 
|  18|0x00000000a2200000, 0x00000000a2200000, 0x00000000a2300000|  0%| F|  |TAMS 0x00000000a2200000, 0x00000000a2200000| Untracked 
|  19|0x00000000a2300000, 0x00000000a2300000, 0x00000000a2400000|  0%| F|  |TAMS 0x00000000a2300000, 0x00000000a2300000| Untracked 
|  20|0x00000000a2400000, 0x00000000a2400000, 0x00000000a2500000|  0%| F|  |TAMS 0x00000000a2400000, 0x00000000a2400000| Untracked 
|  21|0x00000000a2500000, 0x00000000a2500000, 0x00000000a2600000|  0%| F|  |TAMS 0x00000000a2500000, 0x00000000a2500000| Untracked 
|  22|0x00000000a2600000, 0x00000000a2600000, 0x00000000a2700000|  0%| F|  |TAMS 0x00000000a2600000, 0x00000000a2600000| Untracked 
|  23|0x00000000a2700000, 0x00000000a2700000, 0x00000000a2800000|  0%| F|  |TAMS 0x00000000a2700000, 0x00000000a2700000| Untracked 
|  24|0x00000000a2800000, 0x00000000a2800000, 0x00000000a2900000|  0%| F|  |TAMS 0x00000000a2800000, 0x00000000a2800000| Untracked 
|  25|0x00000000a2900000, 0x00000000a2900000, 0x00000000a2a00000|  0%| F|  |TAMS 0x00000000a2900000, 0x00000000a2900000| Untracked 
|  26|0x00000000a2a00000, 0x00000000a2a00000, 0x00000000a2b00000|  0%| F|  |TAMS 0x00000000a2a00000, 0x00000000a2a00000| Untracked 
|  27|0x00000000a2b00000, 0x00000000a2b00000, 0x00000000a2c00000|  0%| F|  |TAMS 0x00000000a2b00000, 0x00000000a2b00000| Untracked 
|  28|0x00000000a2c00000, 0x00000000a2c00000, 0x00000000a2d00000|  0%| F|  |TAMS 0x00000000a2c00000, 0x00000000a2c00000| Untracked 
|  29|0x00000000a2d00000, 0x00000000a2d00000, 0x00000000a2e00000|  0%| F|  |TAMS 0x00000000a2d00000, 0x00000000a2d00000| Untracked 
|  30|0x00000000a2e00000, 0x00000000a2e00000, 0x00000000a2f00000|  0%| F|  |TAMS 0x00000000a2e00000, 0x00000000a2e00000| Untracked 
|  31|0x00000000a2f00000, 0x00000000a2f00000, 0x00000000a3000000|  0%| F|  |TAMS 0x00000000a2f00000, 0x00000000a2f00000| Untracked 
|  32|0x00000000a3000000, 0x00000000a3000000, 0x00000000a3100000|  0%| F|  |TAMS 0x00000000a3000000, 0x00000000a3000000| Untracked 
|  33|0x00000000a3100000, 0x00000000a3100000, 0x00000000a3200000|  0%| F|  |TAMS 0x00000000a3100000, 0x00000000a3100000| Untracked 
|  34|0x00000000a3200000, 0x00000000a3200000, 0x00000000a3300000|  0%| F|  |TAMS 0x00000000a3200000, 0x00000000a3200000| Untracked 
|  35|0x00000000a3300000, 0x00000000a3300000, 0x00000000a3400000|  0%| F|  |TAMS 0x00000000a3300000, 0x00000000a3300000| Untracked 
|  36|0x00000000a3400000, 0x00000000a3400000, 0x00000000a3500000|  0%| F|  |TAMS 0x00000000a3400000, 0x00000000a3400000| Untracked 
|  37|0x00000000a3500000, 0x00000000a3500000, 0x00000000a3600000|  0%| F|  |TAMS 0x00000000a3500000, 0x00000000a3500000| Untracked 
|  38|0x00000000a3600000, 0x00000000a3600000, 0x00000000a3700000|  0%| F|  |TAMS 0x00000000a3600000, 0x00000000a3600000| Untracked 
|  39|0x00000000a3700000, 0x00000000a3700000, 0x00000000a3800000|  0%| F|  |TAMS 0x00000000a3700000, 0x00000000a3700000| Untracked 
|  40|0x00000000a3800000, 0x00000000a3800000, 0x00000000a3900000|  0%| F|  |TAMS 0x00000000a3800000, 0x00000000a3800000| Untracked 
|  41|0x00000000a3900000, 0x00000000a3900000, 0x00000000a3a00000|  0%| F|  |TAMS 0x00000000a3900000, 0x00000000a3900000| Untracked 
|  42|0x00000000a3a00000, 0x00000000a3a00000, 0x00000000a3b00000|  0%| F|  |TAMS 0x00000000a3a00000, 0x00000000a3a00000| Untracked 
|  43|0x00000000a3b00000, 0x00000000a3b00000, 0x00000000a3c00000|  0%| F|  |TAMS 0x00000000a3b00000, 0x00000000a3b00000| Untracked 
|  44|0x00000000a3c00000, 0x00000000a3c00000, 0x00000000a3d00000|  0%| F|  |TAMS 0x00000000a3c00000, 0x00000000a3c00000| Untracked 
|  45|0x00000000a3d00000, 0x00000000a3d00000, 0x00000000a3e00000|  0%| F|  |TAMS 0x00000000a3d00000, 0x00000000a3d00000| Untracked 
|  46|0x00000000a3e00000, 0x00000000a3e00000, 0x00000000a3f00000|  0%| F|  |TAMS 0x00000000a3e00000, 0x00000000a3e00000| Untracked 
|  47|0x00000000a3f00000, 0x00000000a3f00000, 0x00000000a4000000|  0%| F|  |TAMS 0x00000000a3f00000, 0x00000000a3f00000| Untracked 
|  48|0x00000000a4000000, 0x00000000a4000000, 0x00000000a4100000|  0%| F|  |TAMS 0x00000000a4000000, 0x00000000a4000000| Untracked 
|  49|0x00000000a4100000, 0x00000000a4100000, 0x00000000a4200000|  0%| F|  |TAMS 0x00000000a4100000, 0x00000000a4100000| Untracked 
|  50|0x00000000a4200000, 0x00000000a4200000, 0x00000000a4300000|  0%| F|  |TAMS 0x00000000a4200000, 0x00000000a4200000| Untracked 
|  51|0x00000000a4300000, 0x00000000a4300000, 0x00000000a4400000|  0%| F|  |TAMS 0x00000000a4300000, 0x00000000a4300000| Untracked 
|  52|0x00000000a4400000, 0x00000000a4400000, 0x00000000a4500000|  0%| F|  |TAMS 0x00000000a4400000, 0x00000000a4400000| Untracked 
|  53|0x00000000a4500000, 0x00000000a4500000, 0x00000000a4600000|  0%| F|  |TAMS 0x00000000a4500000, 0x00000000a4500000| Untracked 
|  54|0x00000000a4600000, 0x00000000a4600000, 0x00000000a4700000|  0%| F|  |TAMS 0x00000000a4600000, 0x00000000a4600000| Untracked 
|  55|0x00000000a4700000, 0x00000000a4700000, 0x00000000a4800000|  0%| F|  |TAMS 0x00000000a4700000, 0x00000000a4700000| Untracked 
|  56|0x00000000a4800000, 0x00000000a4800000, 0x00000000a4900000|  0%| F|  |TAMS 0x00000000a4800000, 0x00000000a4800000| Untracked 
|  57|0x00000000a4900000, 0x00000000a4900000, 0x00000000a4a00000|  0%| F|  |TAMS 0x00000000a4900000, 0x00000000a4900000| Untracked 
|  58|0x00000000a4a00000, 0x00000000a4a00000, 0x00000000a4b00000|  0%| F|  |TAMS 0x00000000a4a00000, 0x00000000a4a00000| Untracked 
|  59|0x00000000a4b00000, 0x00000000a4b00000, 0x00000000a4c00000|  0%| F|  |TAMS 0x00000000a4b00000, 0x00000000a4b00000| Untracked 
|  60|0x00000000a4c00000, 0x00000000a4c00000, 0x00000000a4d00000|  0%| F|  |TAMS 0x00000000a4c00000, 0x00000000a4c00000| Untracked 
|  61|0x00000000a4d00000, 0x00000000a4d00000, 0x00000000a4e00000|  0%| F|  |TAMS 0x00000000a4d00000, 0x00000000a4d00000| Untracked 
|  62|0x00000000a4e00000, 0x00000000a4e00000, 0x00000000a4f00000|  0%| F|  |TAMS 0x00000000a4e00000, 0x00000000a4e00000| Untracked 
|  63|0x00000000a4f00000, 0x00000000a4f00000, 0x00000000a5000000|  0%| F|  |TAMS 0x00000000a4f00000, 0x00000000a4f00000| Untracked 
|  64|0x00000000a5000000, 0x00000000a5000000, 0x00000000a5100000|  0%| F|  |TAMS 0x00000000a5000000, 0x00000000a5000000| Untracked 
|  65|0x00000000a5100000, 0x00000000a5100000, 0x00000000a5200000|  0%| F|  |TAMS 0x00000000a5100000, 0x00000000a5100000| Untracked 
|  66|0x00000000a5200000, 0x00000000a5200000, 0x00000000a5300000|  0%| F|  |TAMS 0x00000000a5200000, 0x00000000a5200000| Untracked 
|  67|0x00000000a5300000, 0x00000000a5300000, 0x00000000a5400000|  0%| F|  |TAMS 0x00000000a5300000, 0x00000000a5300000| Untracked 
|  68|0x00000000a5400000, 0x00000000a5400000, 0x00000000a5500000|  0%| F|  |TAMS 0x00000000a5400000, 0x00000000a5400000| Untracked 
|  69|0x00000000a5500000, 0x00000000a5500000, 0x00000000a5600000|  0%| F|  |TAMS 0x00000000a5500000, 0x00000000a5500000| Untracked 
|  70|0x00000000a5600000, 0x00000000a5600000, 0x00000000a5700000|  0%| F|  |TAMS 0x00000000a5600000, 0x00000000a5600000| Untracked 
|  71|0x00000000a5700000, 0x00000000a5700000, 0x00000000a5800000|  0%| F|  |TAMS 0x00000000a5700000, 0x00000000a5700000| Untracked 
|  72|0x00000000a5800000, 0x00000000a5800000, 0x00000000a5900000|  0%| F|  |TAMS 0x00000000a5800000, 0x00000000a5800000| Untracked 
|  73|0x00000000a5900000, 0x00000000a5900000, 0x00000000a5a00000|  0%| F|  |TAMS 0x00000000a5900000, 0x00000000a5900000| Untracked 
|  74|0x00000000a5a00000, 0x00000000a5a00000, 0x00000000a5b00000|  0%| F|  |TAMS 0x00000000a5a00000, 0x00000000a5a00000| Untracked 
|  75|0x00000000a5b00000, 0x00000000a5b00000, 0x00000000a5c00000|  0%| F|  |TAMS 0x00000000a5b00000, 0x00000000a5b00000| Untracked 
|  76|0x00000000a5c00000, 0x00000000a5c00000, 0x00000000a5d00000|  0%| F|  |TAMS 0x00000000a5c00000, 0x00000000a5c00000| Untracked 
|  77|0x00000000a5d00000, 0x00000000a5d00000, 0x00000000a5e00000|  0%| F|  |TAMS 0x00000000a5d00000, 0x00000000a5d00000| Untracked 
|  78|0x00000000a5e00000, 0x00000000a5e00000, 0x00000000a5f00000|  0%| F|  |TAMS 0x00000000a5e00000, 0x00000000a5e00000| Untracked 
|  79|0x00000000a5f00000, 0x00000000a5f00000, 0x00000000a6000000|  0%| F|  |TAMS 0x00000000a5f00000, 0x00000000a5f00000| Untracked 
|  80|0x00000000a6000000, 0x00000000a6000000, 0x00000000a6100000|  0%| F|  |TAMS 0x00000000a6000000, 0x00000000a6000000| Untracked 
|  81|0x00000000a6100000, 0x00000000a6200000, 0x00000000a6200000|100%| S|CS|TAMS 0x00000000a6100000, 0x00000000a6100000| Complete 
|  82|0x00000000a6200000, 0x00000000a6300000, 0x00000000a6300000|100%| S|CS|TAMS 0x00000000a6200000, 0x00000000a6200000| Complete 
|  83|0x00000000a6300000, 0x00000000a6300000, 0x00000000a6400000|  0%| F|  |TAMS 0x00000000a6300000, 0x00000000a6300000| Untracked 
|  84|0x00000000a6400000, 0x00000000a6400000, 0x00000000a6500000|  0%| F|  |TAMS 0x00000000a6400000, 0x00000000a6400000| Untracked 
|  85|0x00000000a6500000, 0x00000000a6500000, 0x00000000a6600000|  0%| F|  |TAMS 0x00000000a6500000, 0x00000000a6500000| Untracked 
|  86|0x00000000a6600000, 0x00000000a6600000, 0x00000000a6700000|  0%| F|  |TAMS 0x00000000a6600000, 0x00000000a6600000| Untracked 
|  87|0x00000000a6700000, 0x00000000a6700000, 0x00000000a6800000|  0%| F|  |TAMS 0x00000000a6700000, 0x00000000a6700000| Untracked 
|  88|0x00000000a6800000, 0x00000000a6800000, 0x00000000a6900000|  0%| F|  |TAMS 0x00000000a6800000, 0x00000000a6800000| Untracked 
|  89|0x00000000a6900000, 0x00000000a6900000, 0x00000000a6a00000|  0%| F|  |TAMS 0x00000000a6900000, 0x00000000a6900000| Untracked 
|  90|0x00000000a6a00000, 0x00000000a6a00000, 0x00000000a6b00000|  0%| F|  |TAMS 0x00000000a6a00000, 0x00000000a6a00000| Untracked 
|  91|0x00000000a6b00000, 0x00000000a6b00000, 0x00000000a6c00000|  0%| F|  |TAMS 0x00000000a6b00000, 0x00000000a6b00000| Untracked 
|  92|0x00000000a6c00000, 0x00000000a6c6e4e8, 0x00000000a6d00000| 43%| E|  |TAMS 0x00000000a6c00000, 0x00000000a6c00000| Complete 
|  93|0x00000000a6d00000, 0x00000000a6e00000, 0x00000000a6e00000|100%| E|CS|TAMS 0x00000000a6d00000, 0x00000000a6d00000| Complete 
|  94|0x00000000a6e00000, 0x00000000a6f00000, 0x00000000a6f00000|100%| E|CS|TAMS 0x00000000a6e00000, 0x00000000a6e00000| Complete 
|  95|0x00000000a6f00000, 0x00000000a7000000, 0x00000000a7000000|100%| E|CS|TAMS 0x00000000a6f00000, 0x00000000a6f00000| Complete 

Card table byte_map: [0x0000013938f40000,0x0000013939240000] _byte_map_base: 0x0000013938a38000

Marking Bits (Prev, Next): (CMBitMap*) 0x0000013921d2e200, (CMBitMap*) 0x0000013921d2e240
 Prev Bits: [0x0000013939540000, 0x000001393ad00000)
 Next Bits: [0x000001393ad00000, 0x000001393c4c0000)

Polling page: 0x000001391fc50000

Metaspace:

Usage:
  Non-class:      4.22 MB used.
      Class:    490.66 KB used.
       Both:      4.70 MB used.

Virtual space:
  Non-class space:       64.00 MB reserved,       4.31 MB (  7%) committed,  1 nodes.
      Class space:        1.00 GB reserved,     576.00 KB ( <1%) committed,  1 nodes.
             Both:        1.06 GB reserved,       4.88 MB ( <1%) committed. 

Chunk freelists:
   Non-Class:  3.08 MB
       Class:  3.48 MB
        Both:  6.56 MB

MaxMetaspaceSize: unlimited
CompressedClassSpaceSize: 1.00 GB
Initial GC threshold: 21.00 MB
Current GC threshold: 21.00 MB
CDS: on
MetaspaceReclaimPolicy: balanced
 - commit_granule_bytes: 65536.
 - commit_granule_words: 8192.
 - virtual_space_node_default_size: 8388608.
 - enlarge_chunks_in_place: 1.
 - new_chunks_are_fully_committed: 0.
 - uncommit_free_chunks: 1.
 - use_allocation_guard: 0.


Internal statistics:

num_allocs_failed_limit: 0.
num_arena_births: 92.
num_arena_deaths: 0.
num_vsnodes_births: 2.
num_vsnodes_deaths: 0.
num_space_committed: 78.
num_space_uncommitted: 0.
num_chunks_returned_to_freelist: 0.
num_chunks_taken_from_freelist: 152.
num_chunk_merges: 0.
num_chunk_splits: 98.
num_chunks_enlarged: 67.
num_inconsistent_stats: 0.

CodeHeap 'non-profiled nmethods': size=120000Kb used=366Kb max_used=366Kb free=119633Kb
 bounds [0x0000013931710000, 0x0000013931980000, 0x0000013938c40000]
CodeHeap 'profiled nmethods': size=120000Kb used=1641Kb max_used=1641Kb free=118358Kb
 bounds [0x0000013929c40000, 0x0000013929eb0000, 0x0000013931170000]
CodeHeap 'non-nmethods': size=5760Kb used=1240Kb max_used=1257Kb free=4519Kb
 bounds [0x0000013931170000, 0x00000139313e0000, 0x0000013931710000]
 total_blobs=1408 nmethods=960 adapters=359
 compilation: enabled
              stopped_count=0, restarted_count=0
 full_count=0

Compilation events (20 events):
Event: 2.434 Thread 0x0000013942c10060  934       3       sun.security.provider.DigestBase::engineUpdate (176 bytes)
Event: 2.435 Thread 0x0000013942c10060 nmethod 934 0x0000013929dcbb90 code [0x0000013929dcbe00, 0x0000013929dcca58]
Event: 2.435 Thread 0x0000013942c10060  933   !   3       java.nio.charset.Charset::defaultCharset (53 bytes)
Event: 2.435 Thread 0x000001393e98ad90  938 %     4       sun.security.provider.SHA::implCompress0 @ 27 (506 bytes)
Event: 2.435 Thread 0x0000013942c10060 nmethod 933 0x0000013929dcce10 code [0x0000013929dcd040, 0x0000013929dcd7a8]
Event: 2.435 Thread 0x0000013942c10060  935       3       java.security.MessageDigest::update (14 bytes)
Event: 2.436 Thread 0x0000013942c10060 nmethod 935 0x0000013929dcda10 code [0x0000013929dcdbc0, 0x0000013929dcdea8]
Event: 2.436 Thread 0x0000013942c10060  936       3       java.lang.String::getBytes (15 bytes)
Event: 2.436 Thread 0x0000013942c10060 nmethod 936 0x0000013929dce010 code [0x0000013929dce1e0, 0x0000013929dce3d8]
Event: 2.436 Thread 0x0000013942c10060  931       3       sun.nio.fs.WindowsFileAttributes::fromFindData (127 bytes)
Event: 2.436 Thread 0x0000013942c10060 nmethod 931 0x0000013929dce490 code [0x0000013929dce6a0, 0x0000013929dcece8]
Event: 2.436 Thread 0x0000013942c10060  932   !   3       sun.nio.fs.WindowsDirectoryStream$WindowsDirectoryIterator::acceptEntry (71 bytes)
Event: 2.437 Thread 0x0000013942c10060 nmethod 932 0x0000013929dcf010 code [0x0000013929dcf260, 0x0000013929dcf9d8]
Event: 2.437 Thread 0x0000013942c10060  927   !   3       sun.nio.fs.WindowsNativeDispatcher::FindNextFile (30 bytes)
Event: 2.437 Thread 0x0000013942c10060 nmethod 927 0x0000013929dcfe10 code [0x0000013929dcffe0, 0x0000013929dd01d8]
Event: 2.437 Thread 0x0000013942c10060  929  s    3       sun.nio.fs.WindowsDirectoryStream$WindowsDirectoryIterator::hasNext (35 bytes)
Event: 2.437 Thread 0x0000013942c10060 nmethod 929 0x0000013929dd0310 code [0x0000013929dd04c0, 0x0000013929dd07e8]
Event: 2.437 Thread 0x0000013942c10060  937   !   3       sun.nio.fs.WindowsPath::createFromNormalizedPath (65 bytes)
Event: 2.438 Thread 0x0000013942c10060 nmethod 937 0x0000013929dd0890 code [0x0000013929dd0ac0, 0x0000013929dd11f8]
Event: 2.438 Thread 0x0000013942c10060  944       3       sun.nio.fs.WindowsPathParser::parseNormalizedPath (6 bytes)

GC Heap History (2 events):
Event: 1.677 GC heap before
{Heap before GC invocations=0 (full 0):
 garbage-first heap   total 98304K, used 12288K [0x00000000a1000000, 0x0000000100000000)
  region size 1024K, 13 young (13312K), 0 survivors (0K)
 Metaspace       used 2107K, committed 2240K, reserved 1114112K
  class space    used 196K, committed 256K, reserved 1048576K
}
Event: 1.691 GC heap after
{Heap after GC invocations=1 (full 0):
 garbage-first heap   total 98304K, used 6799K [0x00000000a1000000, 0x0000000100000000)
  region size 1024K, 2 young (2048K), 2 survivors (2048K)
 Metaspace       used 2107K, committed 2240K, reserved 1114112K
  class space    used 196K, committed 256K, reserved 1048576K
}

Dll operation events (7 events):
Event: 0.047 Loaded shared library C:\Program Files\Java\jdk-19\bin\java.dll
Event: 0.107 Loaded shared library C:\Program Files\Java\jdk-19\bin\jsvml.dll
Event: 0.524 Loaded shared library C:\Program Files\Java\jdk-19\bin\net.dll
Event: 0.528 Loaded shared library C:\Program Files\Java\jdk-19\bin\nio.dll
Event: 0.538 Loaded shared library C:\Program Files\Java\jdk-19\bin\zip.dll
Event: 1.331 Loaded shared library C:\Program Files\Java\jdk-19\bin\jimage.dll
Event: 1.796 Loaded shared library C:\Program Files\Java\jdk-19\bin\extnet.dll

Deoptimization events (20 events):
Event: 1.454 Thread 0x0000013921cdc9d0 DEOPT PACKING pc=0x0000013929c81842 sp=0x00000015303fe810
Event: 1.454 Thread 0x0000013921cdc9d0 DEOPT UNPACKING pc=0x00000139311d7543 sp=0x00000015303fdc80 mode 0
Event: 1.472 Thread 0x0000013921cdc9d0 Uncommon trap: trap_request=0xffffff45 fr.pc=0x000001393171a904 relative=0x0000000000000064
Event: 1.472 Thread 0x0000013921cdc9d0 Uncommon trap: reason=unstable_if action=reinterpret pc=0x000001393171a904 method=java.io.WinNTFileSystem.isSlash(C)Z @ 9 c2
Event: 1.472 Thread 0x0000013921cdc9d0 DEOPT PACKING pc=0x000001393171a904 sp=0x00000015303fe7a0
Event: 1.472 Thread 0x0000013921cdc9d0 DEOPT UNPACKING pc=0x00000139311d6da3 sp=0x00000015303fe728 mode 2
Event: 1.607 Thread 0x0000013921cdc9d0 DEOPT PACKING pc=0x0000013929c4fde5 sp=0x00000015303fa7e0
Event: 1.607 Thread 0x0000013921cdc9d0 DEOPT UNPACKING pc=0x00000139311d7543 sp=0x00000015303f9c30 mode 0
Event: 1.666 Thread 0x0000013921cdc9d0 DEOPT PACKING pc=0x0000013929c4dabe sp=0x00000015303fde60
Event: 1.666 Thread 0x0000013921cdc9d0 DEOPT UNPACKING pc=0x00000139311d7543 sp=0x00000015303fd2d8 mode 0
Event: 1.922 Thread 0x0000013921cdc9d0 DEOPT PACKING pc=0x0000013929c4dffe sp=0x00000015303fd930
Event: 1.922 Thread 0x0000013921cdc9d0 DEOPT UNPACKING pc=0x00000139311d7543 sp=0x00000015303fcda0 mode 0
Event: 1.981 Thread 0x0000013921cdc9d0 Uncommon trap: trap_request=0xffffff45 fr.pc=0x0000013931738448 relative=0x0000000000000228
Event: 1.981 Thread 0x0000013921cdc9d0 Uncommon trap: reason=unstable_if action=reinterpret pc=0x0000013931738448 method=java.lang.String.startsWith(Ljava/lang/String;I)Z @ 1 c2
Event: 1.981 Thread 0x0000013921cdc9d0 DEOPT PACKING pc=0x0000013931738448 sp=0x00000015303fc660
Event: 1.981 Thread 0x0000013921cdc9d0 DEOPT UNPACKING pc=0x00000139311d6da3 sp=0x00000015303fc5c8 mode 2
Event: 2.413 Thread 0x0000013921cdc9d0 Uncommon trap: trap_request=0xffffff45 fr.pc=0x0000013931752cfc relative=0x000000000000145c
Event: 2.413 Thread 0x0000013921cdc9d0 Uncommon trap: reason=unstable_if action=reinterpret pc=0x0000013931752cfc method=java.io.WinNTFileSystem.normalize(Ljava/lang/String;)Ljava/lang/String; @ 128 c2
Event: 2.413 Thread 0x0000013921cdc9d0 DEOPT PACKING pc=0x0000013931752cfc sp=0x00000015303fcfb0
Event: 2.414 Thread 0x0000013921cdc9d0 DEOPT UNPACKING pc=0x00000139311d6da3 sp=0x00000015303fcf88 mode 2

Classes loaded (20 events):
Event: 2.061 Loading class java/lang/constant/DynamicConstantDesc done
Event: 2.061 Loading class java/lang/constant/PrimitiveClassDescImpl done
Event: 2.061 Loading class java/lang/constant/DynamicConstantDesc$AnonymousDynamicConstantDesc
Event: 2.061 Loading class java/lang/constant/DynamicConstantDesc$AnonymousDynamicConstantDesc done
Event: 2.197 Loading class java/net/NetworkInterface$1
Event: 2.197 Loading class java/net/NetworkInterface$1 done
Event: 2.414 Loading class java/nio/file/Files$AcceptAllFilter
Event: 2.414 Loading class java/nio/file/DirectoryStream$Filter
Event: 2.414 Loading class java/nio/file/DirectoryStream$Filter done
Event: 2.414 Loading class java/nio/file/Files$AcceptAllFilter done
Event: 2.414 Loading class sun/nio/fs/WindowsDirectoryStream
Event: 2.415 Loading class java/nio/file/DirectoryStream
Event: 2.415 Loading class java/nio/file/DirectoryStream done
Event: 2.415 Loading class sun/nio/fs/WindowsDirectoryStream done
Event: 2.415 Loading class sun/nio/fs/WindowsDirectoryStream$WindowsDirectoryIterator
Event: 2.416 Loading class sun/nio/fs/WindowsDirectoryStream$WindowsDirectoryIterator done
Event: 2.416 Loading class sun/nio/fs/WindowsPath$WindowsPathWithAttributes
Event: 2.416 Loading class sun/nio/fs/BasicFileAttributesHolder
Event: 2.416 Loading class sun/nio/fs/BasicFileAttributesHolder done
Event: 2.416 Loading class sun/nio/fs/WindowsPath$WindowsPathWithAttributes done

Classes unloaded (0 events):
No events

Classes redefined (0 events):
No events

Internal exceptions (9 events):
Event: 1.269 Thread 0x0000013921cdc9d0 Exception <a 'java/lang/NoSuchMethodError'{0x00000000a678caf0}: 'int java.lang.invoke.DirectMethodHandle$Holder.invokeSpecial(java.lang.Object, java.lang.Object, java.lang.Object)'> (0x00000000a678caf0) 
thrown [s\open\src\hotspot\share\interpreter\linkResolver.cpp, line 774]
Event: 1.271 Thread 0x0000013921cdc9d0 Exception <a 'java/lang/NoSuchMethodError'{0x00000000a67979b0}: 'void java.lang.invoke.DelegatingMethodHandle$Holder.reinvoke_L(java.lang.Object, java.lang.Object, int)'> (0x00000000a67979b0) 
thrown [s\open\src\hotspot\share\interpreter\linkResolver.cpp, line 774]
Event: 1.272 Thread 0x0000013921cdc9d0 Exception <a 'java/lang/NoSuchMethodError'{0x00000000a679e7d8}: 'int java.lang.invoke.Invokers$Holder.invokeExact_MT(java.lang.Object, java.lang.Object, java.lang.Object)'> (0x00000000a679e7d8) 
thrown [s\open\src\hotspot\share\interpreter\linkResolver.cpp, line 774]
Event: 1.300 Thread 0x0000013921cdc9d0 Exception <a 'java/lang/NoSuchMethodError'{0x00000000a67b6fc8}: 'void java.lang.invoke.Invokers$Holder.invokeExact_MT(java.lang.Object, java.lang.Object, java.lang.Object, java.lang.Object)'> (0x00000000a67b6fc8) 
thrown [s\open\src\hotspot\share\interpreter\linkResolver.cpp, line 774]
Event: 1.622 Thread 0x0000013921cdc9d0 Exception <a 'java/lang/NoSuchMethodError'{0x00000000a6397618}: 'int java.lang.invoke.DirectMethodHandle$Holder.invokeStaticInit(java.lang.Object, java.lang.Object)'> (0x00000000a6397618) 
thrown [s\open\src\hotspot\share\interpreter\linkResolver.cpp, line 774]
Event: 1.693 Thread 0x0000013921cdc9d0 Exception <a 'java/lang/NoSuchMethodError'{0x00000000a6f03fe0}: 'void java.lang.invoke.DirectMethodHandle$Holder.invokeSpecial(java.lang.Object, java.lang.Object, java.lang.Object)'> (0x00000000a6f03fe0) 
thrown [s\open\src\hotspot\share\interpreter\linkResolver.cpp, line 774]
Event: 1.798 Thread 0x0000013921cdc9d0 Exception <a 'java/lang/NoSuchMethodError'{0x00000000a6f72960}: 'void java.lang.invoke.DirectMethodHandle$Holder.invokeStatic(java.lang.Object, java.lang.Object)'> (0x00000000a6f72960) 
thrown [s\open\src\hotspot\share\interpreter\linkResolver.cpp, line 774]
Event: 1.900 Thread 0x0000013921cdc9d0 Exception <a 'java/lang/ClassNotFoundException'{0x00000000a6e59d80}: com/sun/org/apache/xerces/internal/impl/msg/spi/SAXMessagesProvider> (0x00000000a6e59d80) 
thrown [s\open\src\hotspot\share\classfile\systemDictionary.cpp, line 255]
Event: 2.002 Thread 0x0000013921cdc9d0 Exception <a 'java/lang/NoSuchMethodError'{0x00000000a6d23d20}: 'java.lang.Object java.lang.invoke.DirectMethodHandle$Holder.invokeStaticInit(java.lang.Object, int, int, int, int)'> (0x00000000a6d23d20) 
thrown [s\open\src\hotspot\share\interpreter\linkResolver.cpp, line 774]

VM Operations (20 events):
Event: 1.296 Executing VM operation: HandshakeAllThreads
Event: 1.296 Executing VM operation: HandshakeAllThreads done
Event: 1.296 Executing VM operation: Cleanup
Event: 1.296 Executing VM operation: Cleanup done
Event: 1.313 Executing VM operation: HandshakeAllThreads
Event: 1.313 Executing VM operation: HandshakeAllThreads done
Event: 1.472 Executing VM operation: HandshakeAllThreads
Event: 1.472 Executing VM operation: HandshakeAllThreads done
Event: 1.535 Executing VM operation: HandshakeAllThreads
Event: 1.536 Executing VM operation: HandshakeAllThreads done
Event: 1.676 Executing VM operation: G1CollectForAllocation
Event: 1.691 Executing VM operation: G1CollectForAllocation done
Event: 1.714 Executing VM operation: HandshakeAllThreads
Event: 1.714 Executing VM operation: HandshakeAllThreads done
Event: 1.729 Executing VM operation: HandshakeAllThreads
Event: 1.729 Executing VM operation: HandshakeAllThreads done
Event: 1.952 Executing VM operation: HandshakeAllThreads
Event: 1.952 Executing VM operation: HandshakeAllThreads done
Event: 1.978 Executing VM operation: HandshakeAllThreads
Event: 1.978 Executing VM operation: HandshakeAllThreads done

Events (15 events):
Event: 0.108 Thread 0x0000013921cdc9d0 Thread added: 0x0000013921cdc9d0
Event: 0.156 Thread 0x000001393e959f60 Thread added: 0x000001393e959f60
Event: 0.156 Thread 0x000001393e95ac30 Thread added: 0x000001393e95ac30
Event: 0.156 Thread 0x000001393e95fa80 Thread added: 0x000001393e95fa80
Event: 0.156 Thread 0x000001393e9603b0 Thread added: 0x000001393e9603b0
Event: 0.157 Thread 0x000001393e962290 Thread added: 0x000001393e962290
Event: 0.157 Thread 0x000001393e96a120 Thread added: 0x000001393e96a120
Event: 0.157 Thread 0x000001393e98ad90 Thread added: 0x000001393e98ad90
Event: 0.164 Thread 0x0000013942c10060 Thread added: 0x0000013942c10060
Event: 0.164 Thread 0x0000013942c105e0 Thread added: 0x0000013942c105e0
Event: 0.506 Thread 0x0000013942cc8f80 Thread added: 0x0000013942cc8f80
Event: 0.516 Thread 0x0000013942cdb350 Thread added: 0x0000013942cdb350
Event: 1.533 Thread 0x0000013943281740 Thread added: 0x0000013943281740
Event: 1.816 Thread 0x00000139434dc780 Thread added: 0x00000139434dc780
Event: 2.062 Thread 0x0000013943281740 Thread exited: 0x0000013943281740


Dynamic libraries:
0x00007ff7f7190000 - 0x00007ff7f71a0000 	C:\Program Files\Java\jdk-19\bin\javaw.exe
0x00007ffcf99e0000 - 0x00007ffcf9be9000 	C:\Windows\SYSTEM32\ntdll.dll
0x00007ffcf8b50000 - 0x00007ffcf8c0e000 	C:\Windows\System32\KERNEL32.DLL
0x00007ffcf6eb0000 - 0x00007ffcf722b000 	C:\Windows\System32\KERNELBASE.dll
0x00007ffcf72d0000 - 0x00007ffcf73e1000 	C:\Windows\System32\ucrtbase.dll
0x00007ffcd4c10000 - 0x00007ffcd4c28000 	C:\Program Files\Java\jdk-19\bin\jli.dll
0x00007ffcf79c0000 - 0x00007ffcf7a6e000 	C:\Windows\System32\ADVAPI32.dll
0x00007ffcf8200000 - 0x00007ffcf82a3000 	C:\Windows\System32\msvcrt.dll
0x00007ffcf7b30000 - 0x00007ffcf7bce000 	C:\Windows\System32\sechost.dll
0x00007ffcf8df0000 - 0x00007ffcf8f10000 	C:\Windows\System32\RPCRT4.dll
0x00007ffcf7d40000 - 0x00007ffcf7eed000 	C:\Windows\System32\USER32.dll
0x00007ffcf7830000 - 0x00007ffcf7856000 	C:\Windows\System32\win32u.dll
0x00007ffcf8f70000 - 0x00007ffcf8f99000 	C:\Windows\System32\GDI32.dll
0x00007ffcf7690000 - 0x00007ffcf77a8000 	C:\Windows\System32\gdi32full.dll
0x00007ffcf7230000 - 0x00007ffcf72cd000 	C:\Windows\System32\msvcp_win.dll
0x00007ffcd4ce0000 - 0x00007ffcd4cfb000 	C:\Program Files\Java\jdk-19\bin\VCRUNTIME140.dll
0x00007ffce4e30000 - 0x00007ffce50d5000 	C:\Windows\WinSxS\amd64_microsoft.windows.common-controls_6595b64144ccf1df_6.0.22000.120_none_9d947278b86cc467\COMCTL32.dll
0x00007ffcedba0000 - 0x00007ffcedbaa000 	C:\Windows\SYSTEM32\VERSION.dll
0x00007ffcf8b00000 - 0x00007ffcf8b32000 	C:\Windows\System32\IMM32.DLL
0x00007ffce6d10000 - 0x00007ffce6d1c000 	C:\Program Files\Java\jdk-19\bin\vcruntime140_1.dll
0x00007ffca83c0000 - 0x00007ffca844e000 	C:\Program Files\Java\jdk-19\bin\msvcp140.dll
0x00007ffc79a50000 - 0x00007ffc7a710000 	C:\Program Files\Java\jdk-19\bin\server\jvm.dll
0x00007ffcd2170000 - 0x00007ffcd2179000 	C:\Windows\SYSTEM32\WSOCK32.dll
0x00007ffcf8010000 - 0x00007ffcf807f000 	C:\Windows\System32\WS2_32.dll
0x00007ffceff80000 - 0x00007ffceffb3000 	C:\Windows\SYSTEM32\WINMM.dll
0x00007ffcf5f30000 - 0x00007ffcf5f48000 	C:\Windows\SYSTEM32\kernel.appcore.dll
0x00007ffce6cf0000 - 0x00007ffce6cfa000 	C:\Program Files\Java\jdk-19\bin\jimage.dll
0x00007ffcf4be0000 - 0x00007ffcf4e01000 	C:\Windows\SYSTEM32\DBGHELP.DLL
0x00007ffce0b30000 - 0x00007ffce0b61000 	C:\Windows\SYSTEM32\dbgcore.DLL
0x00007ffcf77b0000 - 0x00007ffcf782f000 	C:\Windows\System32\bcryptPrimitives.dll
0x00007ffcbccd0000 - 0x00007ffcbccf6000 	C:\Program Files\Java\jdk-19\bin\java.dll
0x00007ffca81c0000 - 0x00007ffca8297000 	C:\Program Files\Java\jdk-19\bin\jsvml.dll
0x00007ffcf8320000 - 0x00007ffcf8ad8000 	C:\Windows\System32\SHELL32.dll
0x00007ffcf4fa0000 - 0x00007ffcf5805000 	C:\Windows\SYSTEM32\windows.storage.dll
0x00007ffcf91a0000 - 0x00007ffcf9518000 	C:\Windows\System32\combase.dll
0x00007ffcf4e30000 - 0x00007ffcf4f96000 	C:\Windows\SYSTEM32\wintypes.dll
0x00007ffcf7860000 - 0x00007ffcf794a000 	C:\Windows\System32\SHCORE.dll
0x00007ffcf9140000 - 0x00007ffcf919d000 	C:\Windows\System32\shlwapi.dll
0x00007ffcf6de0000 - 0x00007ffcf6e01000 	C:\Windows\SYSTEM32\profapi.dll
0x00007ffcd2d20000 - 0x00007ffcd2d33000 	C:\Program Files\Java\jdk-19\bin\net.dll
0x00007ffcee8b0000 - 0x00007ffcee9c4000 	C:\Windows\SYSTEM32\WINHTTP.dll
0x00007ffcf63d0000 - 0x00007ffcf6437000 	C:\Windows\system32\mswsock.dll
0x00007ffccfb00000 - 0x00007ffccfb16000 	C:\Program Files\Java\jdk-19\bin\nio.dll
0x00007ffcc9090000 - 0x00007ffcc90a8000 	C:\Program Files\Java\jdk-19\bin\zip.dll
0x00007ffcf5b20000 - 0x00007ffcf5c08000 	C:\Windows\SYSTEM32\DNSAPI.dll
0x00007ffcf5aa0000 - 0x00007ffcf5acd000 	C:\Windows\SYSTEM32\IPHLPAPI.DLL
0x00007ffcf8b40000 - 0x00007ffcf8b49000 	C:\Windows\System32\NSI.dll
0x00007ffce5e30000 - 0x00007ffce5e3a000 	C:\Windows\System32\rasadhlp.dll
0x00007ffced8f0000 - 0x00007ffced971000 	C:\Windows\System32\fwpuclnt.dll
0x00007ffcd2fa0000 - 0x00007ffcd2fa8000 	C:\Program Files\Java\jdk-19\bin\extnet.dll
0x00007ffcf6620000 - 0x00007ffcf6638000 	C:\Windows\SYSTEM32\CRYPTSP.dll
0x00007ffcf5e90000 - 0x00007ffcf5ec5000 	C:\Windows\system32\rsaenh.dll
0x00007ffcf64c0000 - 0x00007ffcf64e9000 	C:\Windows\SYSTEM32\USERENV.dll
0x00007ffcf67a0000 - 0x00007ffcf67c7000 	C:\Windows\SYSTEM32\bcrypt.dll
0x00007ffcf6610000 - 0x00007ffcf661c000 	C:\Windows\SYSTEM32\CRYPTBASE.dll
0x00007ffceeb60000 - 0x00007ffceeb79000 	C:\Windows\SYSTEM32\dhcpcsvc6.DLL
0x00007ffcefef0000 - 0x00007ffceff0e000 	C:\Windows\SYSTEM32\dhcpcsvc.DLL

dbghelp: loaded successfully - version: 4.0.5 - missing functions: none
symbol engine: initialized successfully - sym options: 0x614 - pdb path: .;C:\Program Files\Java\jdk-19\bin;C:\Windows\SYSTEM32;C:\Windows\WinSxS\amd64_microsoft.windows.common-controls_6595b64144ccf1df_6.0.22000.120_none_9d947278b86cc467;C:\Program Files\Java\jdk-19\bin\server

VM Arguments:
jvm_args: -ea -Dfile.encoding=UTF-8 -XX:+ShowCodeDetailsInExceptionMessages 
java_command: org.testng.remote.RemoteTestNG -serport 55013 -protocol json -d C:\PearlSoft Projects\smartcontactwebapp\SmartContactWebApp\test-output C:\PearlSoft Projects\smartcontactwebapp\SmartContactWebApp\testng_Login.xml
java_class_path (initial): C:\Users\pearl\eclipse\java-2022-09\eclipse\configuration\org.eclipse.osgi\438\0\.cp\lib\testng-remote.jar;C:\PearlSoft Projects\smartcontactwebapp\SmartContactWebApp\target\test-classes;C:\PearlSoft Projects\smartcontactwebapp\SmartContactWebApp\target\classes;C:\Users\pearl\.m2\repository\org\seleniumhq\selenium\selenium-java\4.6.0\selenium-java-4.6.0.jar;C:\Users\pearl\.m2\repository\org\seleniumhq\selenium\selenium-api\4.6.0\selenium-api-4.6.0.jar;C:\Users\pearl\.m2\repository\org\seleniumhq\selenium\selenium-chrome-driver\4.6.0\selenium-chrome-driver-4.6.0.jar;C:\Users\pearl\.m2\repository\com\google\auto\service\auto-service-annotations\1.0.1\auto-service-annotations-1.0.1.jar;C:\Users\pearl\.m2\repository\com\google\auto\service\auto-service\1.0.1\auto-service-1.0.1.jar;C:\Users\pearl\.m2\repository\com\google\auto\auto-common\1.2\auto-common-1.2.jar;C:\Users\pearl\.m2\repository\com\google\guava\guava\31.1-jre\guava-31.1-jre.jar;C:\Users\pearl\.m2\repository\com\google\guava\failureaccess\1.0.1\failureaccess-1.0.1.jar;C:\Users\pearl\.m2\repository\com\google\guava\listenablefuture\9999.0-empty-to-avoid-conflict-with-guava\listenablefuture-9999.0-empty-to-avoid-conflict-with-guava.jar;C:\Users\pearl\.m2\repository\org\checkerframework\checker-qual\3.12.0\checker-qual-3.12.0.jar;C:\Users\pearl\.m2\repository\com\google\errorprone\error_prone_annotations\2.11.0\error_prone_annotations-2.11.0.jar;C:\Users\pearl\.m2\repository\com\google\j2objc\j2objc-annotations\1.3\j2objc-annotations-1.3.jar;C:\Users\pearl\.m2\repository\org\seleniumhq\selenium\selenium-chromium-driver\4.6.0\selenium-chromium-driver-4.6.0.jar;C:\Users\pearl\.m2\repository\org\seleniumhq\selenium\selenium-json\4.6.0\selenium-json-4.6.0.jar;C:\Users\pearl\.m2\repository\org\seleniumhq\selenium\selenium-devtools-v105\4.6.0\selenium-devtools-v105-4.6.0.jar;C:\Users\pearl\.m2\repository\org\seleniumhq\selenium\selenium-devtools-v106\4.6.0\selenium-devtools-v106-4.6.0.jar;C:\Users\pearl\.m2\repository\org\seleniumhq\selenium\selenium-devtools-v107\4.6.0\selenium-devtools-v107-4.6.0.jar;C:\Users\pearl\.m2\repository\org\seleniumhq\selenium\selenium-devtools-v85\4.6.0\selenium-devtools-v85-4.6.0.jar;C:\Users\pearl\.m2\repository\org\seleniumhq\selenium\selenium-edge-driver\4.6.0\selenium-edge-driver-4.6.0.jar;C:\Users\pearl\.m2\repository\org\seleniumhq\selenium\selenium-firefox-driver\4.6.0\selenium-firefox-driver-4.6.0.jar;C:\Users\pearl\.m2\repository\org\seleniumhq\selenium\selenium-ie-driver\4.6.0\selenium-ie-driver-4.6.0.jar;C:\Users\pearl\.m2\repository\org\seleniumhq\selenium\selenium-remote-driver\4.6.0\selenium-remote-driver-4.6.0.jar;C:\Users\pearl\.m2\repository\io\netty\netty-buffer\4.1.84.Final\netty-buffer-4.1.84.Final.jar;C:\Users\pearl\.m2\repository\io\netty\netty-codec-http\4.1.84.Final\netty-codec-http-4.1.84.Final.jar;C:\Users\pearl\.m2\repository\io\netty\netty-codec\4.1.84.Final\netty-codec-4.1.84.Final.jar;C:\Users\pearl\.m2\repository\io\netty\netty-handler\4.1.84.Final\netty-handler-4.1.84.Final.jar;C:\Users\pearl\.m2\repository\io\netty\netty-common\4.1.84.Final\netty-common-4.1.84.Final.jar;C:\Users\pearl\.m2\repository\io\netty\netty-transport-classes-epoll\4.1.84.Final\netty-transport-classes-epoll-4.1.84.Final.jar;C:\Users\pearl\.m2\repository\io\netty\netty-transport-classes-kqueue\4.1.84.Final\netty-transport-classes-kqueue-4.1.84.Final.jar;C:\Users\pearl\.m2\repository\io\netty\netty-transport-native-epoll\4.1.84.Final\netty-transport-native-epoll-4.1.84.Final.jar;C:\Users\pearl\.m2\repository\io\netty\netty-transport-native-kqueue\4.1.84.Final\netty-transport-native-kqueue-4.1.84.Final.jar;C:\Users\pearl\.m2\repository\io\netty\netty-transport-native-unix-common\4.1.84.Final\netty-transport-native-unix-common-4.1.84.Final.jar;C:\Users\pearl\.m2\repository\io\netty\netty-transport\4.1.84.Final\netty-transport-4.1.84.Final.jar;C:\Users\pearl\.m2\repository\io\netty\netty-resolver\4.1.84.Final\netty-resolver-4.1.84.Final.jar;C:\Users\pearl\.m2\repository\io\opentelemetry\opentelemetry-api\1.19.0\opentelemetry-api-1.19.0.jar;C:\Users\pearl\.m2\repository\io\opentelemetry\opentelemetry-context\1.19.0\opentelemetry-context-1.19.0.jar;C:\Users\pearl\.m2\repository\io\opentelemetry\opentelemetry-exporter-logging\1.19.0\opentelemetry-exporter-logging-1.19.0.jar;C:\Users\pearl\.m2\repository\io\opentelemetry\opentelemetry-sdk-metrics\1.19.0\opentelemetry-sdk-metrics-1.19.0.jar;C:\Users\pearl\.m2\repository\io\opentelemetry\opentelemetry-sdk-logs\1.19.0-alpha\opentelemetry-sdk-logs-1.19.0-alpha.jar;C:\Users\pearl\.m2\repository\io\opentelemetry\opentelemetry-api-logs\1.19.0-alpha\opentelemetry-api-logs-1.19.0-alpha.jar;C:\Users\pearl\.m2\repository\io\opentelemetry\opentelemetry-sdk-common\1.19.0\opentelemetry-sdk-common-1.19.0.jar;C:\Users\pearl\.m2\repository\io\opentelemetry\opentelemetry-sdk-extension-autoconfigure-spi\1.19.0\opentelemetry-sdk-extension-autoconfigure-spi-1.19.0.jar;C:\Users\pearl\.m2\repository\io\opentelemetry\opentelemetry-sdk-extension-autoconfigure\1.19.0-alpha\opentelemetry-sdk-extension-autoconfigure-1.19.0-alpha.jar;C:\Users\pearl\.m2\repository\io\opentelemetry\opentelemetry-exporter-common\1.19.0\opentelemetry-exporter-common-1.19.0.jar;C:\Users\pearl\.m2\repository\io\opentelemetry\opentelemetry-sdk-trace\1.19.0\opentelemetry-sdk-trace-1.19.0.jar;C:\Users\pearl\.m2\repository\io\opentelemetry\opentelemetry-sdk\1.19.0\opentelemetry-sdk-1.19.0.jar;C:\Users\pearl\.m2\repository\io\opentelemetry\opentelemetry-semconv\1.19.0-alpha\opentelemetry-semconv-1.19.0-alpha.jar;C:\Users\pearl\.m2\repository\io\ous\jtoml\2.0.0\jtoml-2.0.0.jar;C:\Users\pearl\.m2\repository\net\bytebuddy\byte-buddy\1.12.18\byte-buddy-1.12.18.jar;C:\Users\pearl\.m2\repository\org\apache\commons\commons-exec\1.3\commons-exec-1.3.jar;C:\Users\pearl\.m2\repository\org\asynchttpclient\async-http-client\2.12.3\async-http-client-2.12.3.jar;C:\Users\pearl\.m2\repository\org\asynchttpclient\async-http-client-netty-utils\2.12.3\async-http-client-netty-utils-2.12.3.jar;C:\Users\pearl\.m2\repository\io\netty\netty-codec-socks\4.1.60.Final\netty-codec-socks-4.1.60.Final.jar;C:\Users\pearl\.m2\repository\io\netty\netty-handler-proxy\4.1.60.Final\netty-handler-proxy-4.1.60.Final.jar;C:\Users\pearl\.m2\repository\io\netty\netty-transport-native-epoll\4.1.60.Final\netty-transport-native-epoll-4.1.60.Final-linux-x86_64.jar;C:\Users\pearl\.m2\repository\io\netty\netty-transport-native-kqueue\4.1.60.Final\netty-transport-native-kqueue-4.1.60.Final-osx-x86_64.jar;C:\Users\pearl\.m2\repository\org\reactivestreams\reactive-streams\1.0.3\reactive-streams-1.0.3.jar;C:\Users\pearl\.m2\repository\com\typesafe\netty\netty-reactive-streams\2.0.4\netty-reactive-streams-2.0.4.jar;C:\Users\pearl\.m2\repository\com\sun\activation\jakarta.activation\1.2.2\jakarta.activation-1.2.2.jar;C:\Users\pearl\.m2\repository\org\seleniumhq\selenium\selenium-http\4.6.0\selenium-http-4.6.0.jar;C:\Users\pearl\.m2\repository\dev\failsafe\failsafe\3.3.0\failsafe-3.3.0.jar;C:\Users\pearl\.m2\repository\org\seleniumhq\selenium\selenium-manager\4.6.0\selenium-manager-4.6.0.jar;C:\Users\pearl\.m2\repository\org\seleniumhq\selenium\selenium-safari-driver\4.6.0\selenium-safari-driver-4.6.0.jar;C:\Users\pearl\.m2\repository\org\seleniumhq\selenium\selenium-support\4.6.0\selenium-support-4.6.0.jar;C:\Users\pearl\.m2\repository\io\github\bonigarcia\webdrivermanager\5.3.1\webdrivermanager-5.3.1.jar;C:\Users\pearl\.m2\repository\org\slf4j\slf4j-api\2.0.3\slf4j-api-2.0.3.jar;C:\Users\pearl\.m2\repository\com\google\code\gson\gson\2.10\gson-2.10.jar;C:\Users\pearl\.m2\repository\com\github\docker-java\docker-java\3.2.13\docker-java-3.2.13.jar;C:\Users\pearl\.m2\repository\com\github\docker-java\docker-java-core\3.2.13\docker-java-core-3.2.13.jar;C:\Users\pearl\.m2\repository\com\github\docker-java\docker-java-api\3.2.13\docker-java-api-3.2.13.jar;C:\Users\pearl\.m2\repository\org\bouncycastle\bcpkix-jdk15on\1.64\bcpkix-jdk15on-1.64.jar;C:\Users\pearl\.m2\repository\org\bouncycastle\bcprov-jdk15on\1.64\bcprov-jdk15on-1.64.jar;C:\Users\pearl\.m2\repository\org\slf4j\jcl-over-slf4j\1.7.30\jcl-over-slf4j-1.7.30.jar;C:\Users\pearl\.m2\repository\com\github\docker-java\docker-java-transport-httpclient5\3.2.13\docker-java-transport-httpclient5-3.2.13.jar;C:\Users\pearl\.m2\repository\com\github\docker-java\docker-java-transport\3.2.13\docker-java-transport-3.2.13.jar;C:\Users\pearl\.m2\repository\net\java\dev\jna\jna\5.8.0\jna-5.8.0.jar;C:\Users\pearl\.m2\repository\org\brotli\dec\0.1.2\dec-0.1.2.jar;C:\Users\pearl\.m2\repository\org\apache\commons\commons-lang3\3.12.0\commons-lang3-3.12.0.jar;C:\Users\pearl\.m2\repository\org\apache\httpcomponents\client5\httpclient5\5.1.3\httpclient5-5.1.3.jar;C:\Users\pearl\.m2\repository\org\apache\httpcomponents\core5\httpcore5\5.1.3\httpcore5-5.1.3.jar;C:\Users\pearl\.m2\repository\org\apache\httpcomponents\core5\httpcore5-h2\5.1.3\httpcore5-h2-5.1.3.jar;C:\Users\pearl\.m2\repository\org\testng\testng\7.6.1\testng-7.6.1.jar;C:\Users\pearl\.m2\repository\com\google\code\findbugs\jsr305\3.0.2\jsr305-3.0.2.jar;C:\Users\pearl\.m2\repository\com\beust\jcommander\1.82\jcommander-1.82.jar;C:\Users\pearl\.m2\repository\org\webjars\jquery\3.6.0\jquery-3.6.0.jar;C:\Users\pearl\.m2\repository\org\apache\poi\poi\5.2.3\poi-5.2.3.jar;C:\Users\pearl\.m2\repository\commons-codec\commons-codec\1.15\commons-codec-1.15.jar;C:\Users\pearl\.m2\repository\org\apache\commons\commons-collections4\4.4\commons-collections4-4.4.jar;C:\Users\pearl\.m2\repository\org\apache\commons\commons-math3\3.6.1\commons-math3-3.6.1.jar;C:\Users\pearl\.m2\repository\commons-io\commons-io\2.11.0\commons-io-2.11.0.jar;C:\Users\pearl\.m2\repository\com\zaxxer\SparseBitSet\1.2\SparseBitSet-1.2.jar;C:\Users\pearl\.m2\repository\org\apache\logging\log4j\log4j-api\2.18.0\log4j-api-2.18.0.jar;C:\Users\pearl\.m2\repository\org\apache\poi\poi-ooxml\5.2.3\poi-ooxml-5.2.3.jar;C:\Users\pearl\.m2\repository\org\apache\poi\poi-ooxml-lite\5.2.3\poi-ooxml-lite-5.2.3.jar;C:\Users\pearl\.m2\repository\org\apache\xmlbeans\xmlbeans\5.1.1\xmlbeans-5.1.1.jar;C:\Users\pearl\.m2\repository\org\apache\commons\commons-compress\1.21\commons-compress-1.21.jar;C:\Users\pearl\.m2\repository\com\github\virtuald\curvesapi\1.07\curvesapi-1.07.jar;C:\Users\pearl\.m2\repository\com\fasterxml\jackson\core\jackson-databind\2.14.0\jackson-databind-2.14.0.jar;C:\Users\pearl\.m2\repository\com\fasterxml\jackson\core\jackson-annotations\2.14.0\jackson-annotations-2.14.0.jar;C:\Users\pearl\.m2\repository\com\fasterxml\jackson\core\jackson-core\2.14.0\jackson-core-2.14.0.jar;C:\Users\pearl\.m2\repository\com\aventstack\extentreports\3.1.2\extentreports-3.1.2.jar;C:\Users\pearl\.m2\repository\org\freemarker\freemarker\2.3.23\freemarker-2.3.23.jar;C:\Users\pearl\.m2\repository\org\mongodb\mongodb-driver\3.3.0\mongodb-driver-3.3.0.jar;C:\Users\pearl\.m2\repository\org\mongodb\bson\3.3.0\bson-3.3.0.jar;C:\Users\pearl\.m2\repository\org\mongodb\mongodb-driver-core\3.3.0\mongodb-driver-core-3.3.0.jar;C:\Users\pearl\.m2\repository\org\apache\httpcomponents\httpclient\4.5.2\httpclient-4.5.2.jar;C:\Users\pearl\.m2\repository\org\apache\httpcomponents\httpcore\4.4.4\httpcore-4.4.4.jar;C:\Users\pearl\.m2\repository\commons-logging\commons-logging\1.2\commons-logging-1.2.jar;C:\Users\pearl\.m2\repository\org\apache\httpcomponents\httpmime\4.5.2\httpmime-4.5.2.jar;C:\Users\pearl\.m2\repository\org\jsoup\jsoup\1.9.2\jsoup-1.9.2.jar;C:\Users\pearl\.m2\repository\com\relevantcodes\extentreports\2.41.2\extentreports-2.41.2.jar;C:\Users\pearl\.m2\repository\org\xerial\sqlite-jdbc\3.8.11.1\sqlite-jdbc-3.8.11.1.jar
Launcher Type: SUN_STANDARD

[Global flags]
     intx CICompilerCount                          = 3                                         {product} {ergonomic}
     uint ConcGCThreads                            = 1                                         {product} {ergonomic}
     uint G1ConcRefinementThreads                  = 4                                         {product} {ergonomic}
   size_t G1HeapRegionSize                         = 1048576                                   {product} {ergonomic}
    uintx GCDrainStackTargetSize                   = 64                                        {product} {ergonomic}
   size_t InitialHeapSize                          = 100663296                                 {product} {ergonomic}
   size_t MarkStackSize                            = 4194304                                   {product} {ergonomic}
   size_t MaxHeapSize                              = 1593835520                                {product} {ergonomic}
   size_t MaxNewSize                               = 956301312                                 {product} {ergonomic}
   size_t MinHeapDeltaBytes                        = 1048576                                   {product} {ergonomic}
   size_t MinHeapSize                              = 8388608                                   {product} {ergonomic}
    uintx NonNMethodCodeHeapSize                   = 5832780                                {pd product} {ergonomic}
    uintx NonProfiledCodeHeapSize                  = 122912730                              {pd product} {ergonomic}
    uintx ProfiledCodeHeapSize                     = 122912730                              {pd product} {ergonomic}
    uintx ReservedCodeCacheSize                    = 251658240                              {pd product} {ergonomic}
     bool SegmentedCodeCache                       = true                                      {product} {ergonomic}
     bool ShowCodeDetailsInExceptionMessages       = true                                   {manageable} {command line}
   size_t SoftMaxHeapSize                          = 1593835520                             {manageable} {ergonomic}
     bool UseCompressedClassPointers               = true                           {product lp64_product} {ergonomic}
     bool UseCompressedOops                        = true                           {product lp64_product} {ergonomic}
     bool UseG1GC                                  = true                                      {product} {ergonomic}
     bool UseLargePagesIndividualAllocation        = false                                  {pd product} {ergonomic}

Logging:
Log output configuration:
 #0: stdout all=warning uptime,level,tags foldmultilines=false
 #1: stderr all=off uptime,level,tags foldmultilines=false

Environment Variables:
PATH=C:\Program Files\Common Files\Oracle\Java\javapath;C:\Windows\system32;C:\Windows;C:\Windows\System32\Wbem;C:\Windows\System32\WindowsPowerShell\v1.0\;C:\Windows\System32\OpenSSH\;C:\Program Files\Git\cmd;C:\Program Files\PuTTY\;C:\Users\pearl\AppData\Local\Microsoft\WindowsApps;
USERNAME=pearl
OS=Windows_NT
PROCESSOR_IDENTIFIER=AMD64 Family 23 Model 24 Stepping 1, AuthenticAMD
TMP=C:\Users\pearl\AppData\Local\Temp
TEMP=C:\Users\pearl\AppData\Local\Temp



---------------  S Y S T E M  ---------------

OS:
 Windows 11 , 64 bit Build 22000 (10.0.22000.1219)
OS uptime: 5 days 6:22 hours

CPU: total 4 (initial active 4) (4 cores per cpu, 2 threads per core) family 23 model 24 stepping 1 microcode 0x0, cx8, cmov, fxsr, ht, mmx, 3dnowpref, sse, sse2, sse3, ssse3, sse4a, sse4.1, sse4.2, popcnt, lzcnt, tsc, tscinvbit, avx, avx2, aes, clmul, bmi1, bmi2, adx, sha, fma, vzeroupper, clflush, clflushopt, rdtscp

Memory: 4k page, system-wide physical 6078M (367M free)
TotalPageFile size 24510M (AvailPageFile size 2M)
current process WorkingSet (physical memory assigned to process): 69M, peak: 69M
current process commit charge ("private bytes"): 185M, peak: 185M

vm_info: Java HotSpot(TM) 64-Bit Server VM (19.0.1+10-21) for windows-amd64 JRE (19.0.1+10-21), built on 2022-09-14T12:45:06Z by "mach5one" with MS VC++ 17.1 (VS2022)

END.
